{
"contracts\\TweetFactory.sol":{"l":{"18":0,"19":0,"23":0},"path":"E:\\Users\\saud\\Bitcoin\\eth_twitter\\contracts\\TweetFactory.sol","s":{"1":0,"2":0,"3":0},"b":{},"f":{"1":0,"2":0},"fnMap":{"1":{"name":"_createTweet","line":17,"loc":{"start":{"line":17,"column":4},"end":{"line":20,"column":4}}},"2":{"name":"_getTweet","line":22,"loc":{"start":{"line":22,"column":4},"end":{"line":24,"column":4}}}},"statementMap":{"1":{"start":{"line":18,"column":8},"end":{"line":18,"column":38}},"2":{"start":{"line":19,"column":8},"end":{"line":19,"column":65}},"3":{"start":{"line":23,"column":8},"end":{"line":23,"column":25}}},"branchMap":{}}}
